# JRE version: Java(TM) SE Runtime Environment (16.0.2+7) (build 16.0.2+7-67)
# Java VM: Java HotSpot(TM) 64-Bit Server VM (16.0.2+7-67, mixed mode, sharing, tiered, compressed oops, compressed class ptrs, g1 gc, windows-amd64)
GC Precious Log:
 CPUs: 8 total, 8 available
 Memory: 7959M
 Large Page Support: Disabled
 NUMA Support: Disabled
 Compressed Oops: Enabled (32-bit)
 Heap Region Size: 1M
 Heap Min Capacity: 8M
 Heap Initial Capacity: 126M
 Heap Max Capacity: 1990M
 Pre-touch: Disabled
 Parallel Workers: 8
 Concurrent Workers: 2
 Concurrent Refinement Workers: 8
 Periodic GC: Disabled
Heap:
 garbage-first heap   total 365568K, used 201611K [0x0000000083a00000, 0x0000000100000000)
  region size 1024K, 3 young (3072K), 3 survivors (3072K)
 Metaspace       used 21484K, committed 21824K, reserved 1073152K
  class space    used 2955K, committed 3136K, reserved 1048576K
GC Heap History (20 events):
Event: 2.669 GC heap after
{Heap after GC invocations=6 (full 0):
 garbage-first heap   total 129024K, used 75776K [0x0000000083a00000, 0x0000000100000000)
  region size 1024K, 4 young (4096K), 4 survivors (4096K)
 Metaspace       used 12099K, committed 12352K, reserved 1064960K
  class space    used 1628K, committed 1792K, reserved 1048576K
}
Event: 2.713 GC heap before
{Heap before GC invocations=7 (full 0):
 garbage-first heap   total 142336K, used 97280K [0x0000000083a00000, 0x0000000100000000)
  region size 1024K, 25 young (25600K), 4 survivors (4096K)
 Metaspace       used 12099K, committed 12352K, reserved 1064960K
  class space    used 1628K, committed 1792K, reserved 1048576K
}
Event: 2.718 GC heap after
{Heap after GC invocations=8 (full 0):
 garbage-first heap   total 142336K, used 83695K [0x0000000083a00000, 0x0000000100000000)
  region size 1024K, 4 young (4096K), 4 survivors (4096K)
 Metaspace       used 12099K, committed 12352K, reserved 1064960K
  class space    used 1628K, committed 1792K, reserved 1048576K
}
Event: 2.745 GC heap before
{Heap before GC invocations=8 (full 0):
 garbage-first heap   total 142336K, used 107247K [0x0000000083a00000, 0x0000000100000000)
  region size 1024K, 27 young (27648K), 4 survivors (4096K)
 Metaspace       used 12099K, committed 12352K, reserved 1064960K
  class space    used 1628K, committed 1792K, reserved 1048576K
}
Event: 2.751 GC heap after
{Heap after GC invocations=9 (full 0):
 garbage-first heap   total 284672K, used 91873K [0x0000000083a00000, 0x0000000100000000)
  region size 1024K, 4 young (4096K), 4 survivors (4096K)
 Metaspace       used 12099K, committed 12352K, reserved 1064960K
  class space    used 1628K, committed 1792K, reserved 1048576K
}
Event: 2.870 GC heap before
{Heap before GC invocations=10 (full 0):
 garbage-first heap   total 284672K, used 188129K [0x0000000083a00000, 0x0000000100000000)
  region size 1024K, 95 young (97280K), 4 survivors (4096K)
 Metaspace       used 12100K, committed 12352K, reserved 1064960K
  class space    used 1629K, committed 1792K, reserved 1048576K
}
Event: 2.885 GC heap after
{Heap after GC invocations=11 (full 0):
 garbage-first heap   total 284672K, used 125952K [0x0000000083a00000, 0x0000000100000000)
  region size 1024K, 12 young (12288K), 12 survivors (12288K)
 Metaspace       used 12100K, committed 12352K, reserved 1064960K
  class space    used 1629K, committed 1792K, reserved 1048576K
}
Event: 3.247 GC heap before
{Heap before GC invocations=11 (full 0):
 garbage-first heap   total 284672K, used 198656K [0x0000000083a00000, 0x0000000100000000)
  region size 1024K, 83 young (84992K), 12 survivors (12288K)
 Metaspace       used 14009K, committed 14272K, reserved 1064960K
  class space    used 1954K, committed 2112K, reserved 1048576K
}
Event: 3.268 GC heap after
{Heap after GC invocations=12 (full 0):
 garbage-first heap   total 284672K, used 151552K [0x0000000083a00000, 0x0000000100000000)
  region size 1024K, 11 young (11264K), 11 survivors (11264K)
 Metaspace       used 14009K, committed 14272K, reserved 1064960K
  class space    used 1954K, committed 2112K, reserved 1048576K
}
Event: 3.961 GC heap before
{Heap before GC invocations=12 (full 0):
 garbage-first heap   total 284672K, used 180224K [0x0000000083a00000, 0x0000000100000000)
  region size 1024K, 40 young (40960K), 11 survivors (11264K)
 Metaspace       used 19023K, committed 19264K, reserved 1073152K
  class space    used 2813K, committed 2944K, reserved 1048576K
}
Event: 3.977 GC heap after
{Heap after GC invocations=13 (full 0):
 garbage-first heap   total 284672K, used 159232K [0x0000000083a00000, 0x0000000100000000)
  region size 1024K, 6 young (6144K), 6 survivors (6144K)
 Metaspace       used 19023K, committed 19264K, reserved 1073152K
  class space    used 2813K, committed 2944K, reserved 1048576K
}
Event: 23.631 GC heap before
{Heap before GC invocations=14 (full 0):
 garbage-first heap   total 284672K, used 178688K [0x0000000083a00000, 0x0000000100000000)
  region size 1024K, 25 young (25600K), 6 survivors (6144K)
 Metaspace       used 21352K, committed 21632K, reserved 1073152K
  class space    used 2947K, committed 3072K, reserved 1048576K
}
Event: 23.635 GC heap after
{Heap after GC invocations=15 (full 0):
 garbage-first heap   total 284672K, used 162004K [0x0000000083a00000, 0x0000000100000000)
  region size 1024K, 3 young (3072K), 3 survivors (3072K)
 Metaspace       used 21352K, committed 21632K, reserved 1073152K
  class space    used 2947K, committed 3072K, reserved 1048576K
}
Event: 23.738 GC heap before
{Heap before GC invocations=16 (full 0):
 garbage-first heap   total 284672K, used 218324K [0x0000000083a00000, 0x0000000100000000)
  region size 1024K, 55 young (56320K), 3 survivors (3072K)
 Metaspace       used 21484K, committed 21824K, reserved 1073152K
  class space    used 2955K, committed 3136K, reserved 1048576K
}
Event: 23.747 GC heap after
{Heap after GC invocations=17 (full 0):
 garbage-first heap   total 284672K, used 182955K [0x0000000083a00000, 0x0000000100000000)
  region size 1024K, 8 young (8192K), 8 survivors (8192K)
 Metaspace       used 21484K, committed 21824K, reserved 1073152K
  class space    used 2955K, committed 3136K, reserved 1048576K
}
Event: 23.805 GC heap before
{Heap before GC invocations=17 (full 0):
 garbage-first heap   total 365568K, used 226987K [0x0000000083a00000, 0x0000000100000000)
  region size 1024K, 50 young (51200K), 8 survivors (8192K)
 Metaspace       used 21484K, committed 21824K, reserved 1073152K
  class space    used 2955K, committed 3136K, reserved 1048576K
}
Event: 23.814 GC heap after
{Heap after GC invocations=18 (full 0):
 garbage-first heap   total 365568K, used 198566K [0x0000000083a00000, 0x0000000100000000)
  region size 1024K, 7 young (7168K), 7 survivors (7168K)
 Metaspace       used 21484K, committed 21824K, reserved 1073152K
  class space    used 2955K, committed 3136K, reserved 1048576K
}
Event: 23.897 GC heap before
{Heap before GC invocations=19 (full 0):
 garbage-first heap   total 365568K, used 276390K [0x0000000083a00000, 0x0000000100000000)
  region size 1024K, 83 young (84992K), 7 survivors (7168K)
 Metaspace       used 21484K, committed 21824K, reserved 1073152K
  class space    used 2955K, committed 3136K, reserved 1048576K
}
Event: 23.908 GC heap after
{Heap after GC invocations=20 (full 0):
 garbage-first heap   total 365568K, used 224256K [0x0000000083a00000, 0x0000000100000000)
  region size 1024K, 11 young (11264K), 11 survivors (11264K)
 Metaspace       used 21484K, committed 21824K, reserved 1073152K
  class space    used 2955K, committed 3136K, reserved 1048576K
}
Event: 23.914 GC heap before
{Heap before GC invocations=20 (full 0):
 garbage-first heap   total 365568K, used 230400K [0x0000000083a00000, 0x0000000100000000)
  region size 1024K, 17 young (17408K), 11 survivors (11264K)
 Metaspace       used 21484K, committed 21824K, reserved 1073152K
  class space    used 2955K, committed 3136K, reserved 1048576K
}

